2025-04-03 11:47:40,601 - db_helper - INFO - Fetching expenses for date: 2024-08-01
2025-04-03 11:47:40,637 - db_helper - INFO - Inserting expense: 2024-08-28, 100, Food, Lunch
2025-04-03 11:47:40,649 - db_helper - INFO - Fetching expenses for date: 2024-08-28
2025-04-03 11:47:40,656 - db_helper - INFO - Deleting expenses for date: 2024-08-28
2025-04-03 11:47:40,667 - db_helper - INFO - Fetching expenses for date: 2024-08-28
2025-04-03 11:47:40,673 - db_helper - INFO - Fetching expense summary from 2024-08-01 to 2024-08-05
2025-04-03 11:53:39,939 - db_helper - INFO - Fetching expenses for date: 2024-08-01
2025-04-03 11:53:39,978 - db_helper - INFO - Inserting expense: 2024-08-28, 100, Food, Lunch
2025-04-03 11:53:39,988 - db_helper - INFO - Fetching expenses for date: 2024-08-28
2025-04-03 11:53:39,996 - db_helper - INFO - Deleting expenses for date: 2024-08-28
2025-04-03 11:53:40,006 - db_helper - INFO - Fetching expenses for date: 2024-08-28
2025-04-03 11:53:40,013 - db_helper - INFO - Fetching expense summary from 2024-08-01 to 2024-08-05
2025-04-03 11:54:29,221 - db_helper - INFO - 

2025-04-03 11:54:29,221 - db_helper - INFO - Fetching expenses for date: 2024-08-01
2025-04-03 11:54:29,256 - db_helper - INFO - Inserting expense: 2024-08-28, 100, Food, Lunch
2025-04-03 11:54:29,268 - db_helper - INFO - Fetching expenses for date: 2024-08-28
2025-04-03 11:54:29,276 - db_helper - INFO - Deleting expenses for date: 2024-08-28
2025-04-03 11:54:29,286 - db_helper - INFO - Fetching expenses for date: 2024-08-28
2025-04-03 11:54:29,293 - db_helper - INFO - Fetching expense summary from 2024-08-01 to 2024-08-05
2025-04-03 11:56:06,997 - db_helper - INFO - 

2025-04-03 11:56:06,998 - db_helper - INFO - Fetching expenses for date: 2024-08-01
2025-04-03 11:56:07,032 - db_helper - INFO - Inserting expense: 2024-08-28, 100, Food, Lunch
2025-04-03 11:56:07,044 - db_helper - INFO - Fetching expenses for date: 2024-08-28
2025-04-03 11:56:07,051 - db_helper - INFO - Deleting expenses for date: 2024-08-28
2025-04-03 11:56:07,061 - db_helper - INFO - Fetching expenses for date: 2024-08-28
2025-04-03 11:56:07,069 - db_helper - INFO - Fetching expense summary from 2024-08-01 to 2024-08-05
2025-04-03 11:56:18,793 - db_helper - INFO - 

2025-04-03 11:56:35,459 - db_helper - INFO - Fetching expenses for date: 2024-08-28
2025-04-03 11:58:44,814 - db_helper - INFO - Fetching expenses for date: 2024-08-28
2025-04-03 11:58:49,917 - db_helper - INFO - Deleting expenses for date: 2024-08-28
2025-04-03 11:58:49,926 - db_helper - INFO - Inserting expense: 2024-08-28, 100.0, Food, Lunch
2025-04-03 11:58:49,942 - db_helper - INFO - Inserting expense: 2024-08-28, 50.0, Transport, Bus fare
2025-04-03 11:59:07,662 - db_helper - INFO - Fetching expenses for date: 2024-08-28
2025-04-03 12:10:41,471 - db_helper - INFO - Fetching expenses for date: 2024-08-28
2025-04-03 12:10:46,706 - db_helper - INFO - Fetching expenses for date: 2024-08-15
2025-04-03 12:14:20,212 - db_helper - INFO - Fetching expenses for date: 2024-08-28
2025-04-03 12:14:21,226 - db_helper - INFO - Fetching expenses for date: 2024-08-28
2025-04-03 13:35:27,562 - db_helper - INFO - Fetching expenses for date: 2024-08-28
2025-04-03 13:38:53,420 - db_helper - INFO - Fetching expenses for date: 2024-08-01
2025-04-03 13:39:26,598 - db_helper - INFO - Fetching expenses for date: 2024-08-08
2025-04-03 13:39:30,188 - db_helper - INFO - Fetching expenses for date: 2024-08-15
2025-04-03 13:40:36,519 - db_helper - INFO - Fetching expenses for date: 2024-08-15
2025-04-03 13:41:39,132 - db_helper - INFO - Fetching expenses for date: 2024-08-15
2025-04-03 13:41:50,893 - db_helper - INFO - Fetching expenses for date: 2024-08-15
2025-04-03 13:47:12,435 - db_helper - INFO - Fetching expenses for date: 2024-08-15
2025-04-03 13:47:59,571 - db_helper - INFO - Fetching expenses for date: 2024-08-15
2025-04-03 13:48:13,782 - db_helper - INFO - Fetching expenses for date: 2024-08-15
2025-04-03 13:50:49,885 - db_helper - INFO - Fetching expenses for date: 2024-08-15
2025-04-03 13:52:56,869 - db_helper - INFO - Fetching expenses for date: 2024-08-15
2025-04-03 13:53:32,454 - db_helper - INFO - Fetching expenses for date: 2024-08-01
2025-04-03 13:53:35,271 - db_helper - INFO - Fetching expenses for date: 2024-08-01
2025-04-03 14:00:16,857 - db_helper - INFO - Fetching expenses for date: 2024-08-01
2025-04-03 14:00:40,265 - db_helper - INFO - Fetching expenses for date: 2024-08-02
2025-04-03 14:01:38,631 - db_helper - INFO - Fetching expenses for date: 2024-08-02
2025-04-03 14:01:44,357 - db_helper - INFO - Fetching expenses for date: 2024-08-01
2025-04-03 14:01:52,495 - db_helper - INFO - Fetching expenses for date: 2024-08-02
2025-04-03 14:05:52,735 - db_helper - INFO - Fetching expenses for date: 2024-08-02
2025-04-03 14:05:59,776 - db_helper - INFO - Fetching expenses for date: 2024-08-01
2025-04-03 14:06:23,902 - db_helper - INFO - Fetching expenses for date: 2024-08-02
2025-04-03 14:09:30,672 - db_helper - INFO - Fetching expenses for date: 2024-08-02
2025-04-03 14:09:55,620 - db_helper - INFO - Fetching expenses for date: 2024-08-02
2025-04-03 14:10:00,658 - db_helper - INFO - Fetching expenses for date: 2024-08-01
2025-04-03 14:14:40,447 - db_helper - INFO - Fetching expenses for date: 2024-08-01
2025-04-03 14:14:49,747 - db_helper - INFO - Fetching expenses for date: 2024-08-07
2025-04-03 16:06:48,688 - db_helper - INFO - Fetching expenses for date: 2024-08-01
2025-04-03 16:06:54,422 - db_helper - INFO - Fetching expenses for date: 2024-08-07
2025-04-03 16:06:59,375 - db_helper - INFO - Fetching expenses for date: 2024-08-01
2025-04-03 16:07:01,932 - db_helper - INFO - Fetching expenses for date: 2024-08-01
2025-04-03 16:07:07,849 - db_helper - INFO - Fetching expenses for date: 2024-08-07
2025-04-03 16:07:13,289 - db_helper - INFO - Fetching expenses for date: 2024-08-07
2025-04-03 16:07:29,021 - db_helper - INFO - Fetching expenses for date: 2024-08-01
2025-04-03 16:18:28,344 - db_helper - INFO - Fetching expenses for date: 2024-08-15
2025-04-03 16:18:31,497 - db_helper - INFO - Fetching expenses for date: 2024-08-15
2025-04-03 16:18:44,553 - db_helper - INFO - Fetching expenses for date: 2024-08-15
2025-04-03 16:18:45,713 - db_helper - INFO - Fetching expenses for date: 2024-08-15
2025-04-03 16:18:46,508 - db_helper - INFO - Fetching expenses for date: 2024-08-15
2025-04-03 16:18:47,287 - db_helper - INFO - Fetching expenses for date: 2024-08-15
2025-04-03 16:18:51,010 - db_helper - INFO - Fetching expenses for date: 2024-08-01
2025-04-03 16:18:54,223 - db_helper - INFO - Fetching expenses for date: 2024-08-15
2025-04-03 16:18:57,834 - db_helper - INFO - Fetching expenses for date: 2024-08-15
2025-04-03 16:19:56,655 - db_helper - INFO - Fetching expenses for date: 2024-08-15
2025-04-03 16:20:23,316 - db_helper - INFO - Fetching expenses for date: 2024-08-15
2025-04-03 16:20:28,017 - db_helper - INFO - Fetching expenses for date: 2024-08-15
2025-04-03 16:20:30,956 - db_helper - INFO - Fetching expenses for date: 2024-08-01
2025-04-03 16:20:33,866 - db_helper - INFO - Fetching expenses for date: 2024-08-02
2025-04-03 16:20:36,339 - db_helper - INFO - Fetching expenses for date: 2024-08-07
2025-04-03 16:23:14,137 - db_helper - INFO - Fetching expenses for date: 2024-08-07
2025-04-03 16:23:20,693 - db_helper - INFO - Fetching expenses for date: 2024-08-01
2025-04-03 16:23:24,102 - db_helper - INFO - Fetching expenses for date: 2024-08-07
2025-04-03 16:24:59,597 - db_helper - INFO - Fetching expenses for date: 2024-08-07
2025-04-03 16:25:08,769 - db_helper - INFO - Fetching expenses for date: 2024-08-01
2025-04-03 16:25:15,621 - db_helper - INFO - Fetching expenses for date: 2024-08-07
2025-04-03 16:30:45,569 - db_helper - INFO - 

2025-04-03 16:30:57,654 - db_helper - INFO - Fetching expenses for date: 2024-08-28
2025-04-03 16:31:04,061 - db_helper - INFO - Fetching expenses for date: 2024-08-01
2025-04-03 16:31:08,215 - db_helper - INFO - Fetching expenses for date: 2024-08-03
2025-04-03 16:31:11,069 - db_helper - INFO - Fetching expenses for date: 2024-08-07
2025-04-03 16:31:13,954 - db_helper - INFO - Fetching expenses for date: 2024-08-08
2025-04-03 16:31:16,822 - db_helper - INFO - Fetching expenses for date: 2024-08-15
2025-04-03 16:31:19,273 - db_helper - INFO - Fetching expenses for date: 2024-08-16
2025-04-03 16:31:21,791 - db_helper - INFO - Fetching expenses for date: 2024-08-17
2025-04-03 16:36:59,338 - db_helper - INFO - Fetching expenses for date: 2024-08-28
2025-04-03 16:37:00,273 - db_helper - INFO - Fetching expenses for date: 2024-08-28
2025-04-03 16:37:00,990 - db_helper - INFO - Fetching expenses for date: 2024-08-28
2025-04-03 16:37:04,233 - db_helper - INFO - Fetching expenses for date: 2024-08-07
2025-04-03 16:40:31,801 - db_helper - INFO - Fetching expenses for date: 2024-08-01
2025-04-03 16:41:18,962 - db_helper - INFO - Fetching expenses for date: 2024-08-01
2025-04-03 16:41:22,805 - db_helper - INFO - Fetching expenses for date: 2024-08-01
2025-04-03 16:41:26,124 - db_helper - INFO - Fetching expenses for date: 2024-08-07
2025-04-03 16:41:32,313 - db_helper - INFO - Fetching expenses for date: 2024-08-08
2025-04-03 16:41:34,650 - db_helper - INFO - Fetching expenses for date: 2024-08-09
2025-04-03 16:41:36,548 - db_helper - INFO - Fetching expenses for date: 2024-08-16
2025-04-03 16:41:39,534 - db_helper - INFO - Fetching expenses for date: 2024-08-28
2025-04-03 16:41:48,778 - db_helper - INFO - Fetching expenses for date: 2024-08-13
2025-04-03 16:41:50,503 - db_helper - INFO - Fetching expenses for date: 2024-08-07
2025-04-03 16:41:52,153 - db_helper - INFO - Fetching expenses for date: 2024-08-01
2025-04-03 16:41:53,653 - db_helper - INFO - Fetching expenses for date: 2024-08-02
2025-04-03 16:41:55,180 - db_helper - INFO - Fetching expenses for date: 2024-08-03
2025-04-03 16:41:56,874 - db_helper - INFO - Fetching expenses for date: 2024-08-05
2025-04-03 16:41:58,781 - db_helper - INFO - Fetching expenses for date: 2024-08-06
2025-04-03 16:42:00,341 - db_helper - INFO - Fetching expenses for date: 2024-08-08
2025-04-03 16:43:38,242 - db_helper - INFO - 

2025-04-03 16:43:55,078 - db_helper - INFO - 

2025-04-03 16:44:55,903 - db_helper - INFO - 

2025-04-03 19:05:13,269 - db_helper - INFO - Fetching expenses for date: 2024-08-01
2025-04-03 19:05:19,792 - db_helper - INFO - Fetching expenses for date: 2024-08-07
2025-04-03 19:10:12,123 - db_helper - INFO - 

2025-04-03 19:13:12,362 - db_helper - INFO - 

2025-04-03 19:15:31,029 - db_helper - INFO - 

2025-04-03 19:21:27,632 - db_helper - INFO - Fetching expenses for date: 2024-08-01
2025-04-03 19:21:48,378 - db_helper - INFO - Fetching expenses for date: 2024-08-07
2025-04-03 19:24:53,094 - db_helper - INFO - Fetching expenses for date: 2024-08-07
2025-04-03 19:25:04,755 - db_helper - INFO - Fetching expenses for date: 2024-08-01
2025-04-03 19:25:09,727 - db_helper - INFO - Fetching expenses for date: 2024-08-07
2025-04-03 19:25:54,152 - db_helper - INFO - Fetching expenses for date: 2024-08-07
2025-04-03 19:26:52,057 - db_helper - INFO - Fetching expenses for date: 2024-08-07
2025-04-03 19:26:57,423 - db_helper - INFO - Fetching expenses for date: 2024-08-07
2025-04-03 19:27:00,986 - db_helper - INFO - Fetching expenses for date: 2024-08-01
2025-04-03 19:38:43,718 - db_helper - INFO - Fetching expenses for date: 2024-08-07
2025-04-03 19:38:44,728 - db_helper - INFO - Fetching expenses for date: 2024-08-07
2025-04-03 19:38:44,904 - db_helper - INFO - Fetching expenses for date: 2024-08-07
2025-04-03 19:38:45,092 - db_helper - INFO - Fetching expenses for date: 2024-08-07
2025-04-03 19:38:45,265 - db_helper - INFO - Fetching expenses for date: 2024-08-07
2025-04-03 19:38:45,420 - db_helper - INFO - Fetching expenses for date: 2024-08-07
2025-04-03 19:38:45,577 - db_helper - INFO - Fetching expenses for date: 2024-08-07
2025-04-03 19:38:53,956 - db_helper - INFO - Fetching expenses for date: 2024-08-07
2025-04-03 19:38:57,995 - db_helper - INFO - Fetching expenses for date: 2024-08-15
2025-04-03 19:39:00,244 - db_helper - INFO - Fetching expenses for date: 2024-08-16
2025-04-03 19:39:03,122 - db_helper - INFO - Fetching expenses for date: 2024-08-06
2025-04-03 19:39:41,714 - db_helper - INFO - Fetching expenses for date: 2024-08-06
2025-04-03 19:39:50,996 - db_helper - INFO - Fetching expenses for date: 2024-08-07
2025-04-03 19:40:14,327 - db_helper - INFO - Fetching expenses for date: 2024-08-07
2025-04-03 19:40:18,800 - db_helper - INFO - Fetching expenses for date: 2024-08-07
2025-04-03 19:43:56,155 - db_helper - INFO - Fetching expenses for date: 2024-08-07
2025-04-03 19:44:02,813 - db_helper - INFO - Fetching expenses for date: 2024-08-07
2025-04-03 19:44:28,660 - db_helper - INFO - Fetching expenses for date: 2024-08-07
2025-04-03 19:44:32,091 - db_helper - INFO - Fetching expenses for date: 2024-08-07
2025-04-03 19:44:32,170 - db_helper - INFO - Deleting expenses for date: 2024-08-07
2025-04-03 19:44:32,183 - db_helper - INFO - Inserting expense: 2024-08-07, 13.0, Entertainment, mehul
2025-04-03 19:44:51,924 - db_helper - INFO - Fetching expenses for date: 2024-08-08
2025-04-03 19:44:55,008 - db_helper - INFO - Fetching expenses for date: 2024-08-09
2025-04-03 19:44:59,781 - db_helper - INFO - Fetching expenses for date: 2024-08-01
2025-04-03 19:45:02,527 - db_helper - INFO - Fetching expenses for date: 2024-08-02
2025-04-03 19:45:04,729 - db_helper - INFO - Fetching expenses for date: 2024-08-07
2025-04-03 19:45:10,399 - db_helper - INFO - Fetching expenses for date: 2024-08-07
2025-04-03 19:45:11,519 - db_helper - INFO - Fetching expenses for date: 2024-08-07
2025-04-03 19:45:18,526 - db_helper - INFO - Fetching expenses for date: 2024-08-13
2025-04-03 19:45:20,443 - db_helper - INFO - Fetching expenses for date: 2024-08-01
2025-04-03 19:45:22,647 - db_helper - INFO - Fetching expenses for date: 2024-08-07
2025-04-03 19:46:19,598 - db_helper - INFO - Fetching expenses for date: 2024-08-07
2025-04-03 19:46:38,958 - db_helper - INFO - Fetching expenses for date: 2024-08-07
2025-04-03 19:47:54,978 - db_helper - INFO - Fetching expenses for date: 2024-08-07
2025-04-03 19:48:32,638 - db_helper - INFO - Fetching expenses for date: 2024-08-07
2025-04-03 19:48:43,720 - db_helper - INFO - Fetching expenses for date: 2024-08-01
2025-04-03 19:48:49,432 - db_helper - INFO - Fetching expenses for date: 2024-08-07
2025-04-03 19:48:55,927 - db_helper - INFO - Fetching expenses for date: 2024-08-07
2025-04-03 19:49:23,554 - db_helper - INFO - Fetching expenses for date: 2024-08-07
2025-04-03 19:49:30,400 - db_helper - INFO - Fetching expenses for date: 2024-08-01
2025-04-03 19:49:53,129 - db_helper - INFO - Fetching expenses for date: 2024-08-07
2025-04-03 19:50:39,207 - db_helper - INFO - Fetching expenses for date: 2024-08-01
2025-04-03 19:50:57,353 - db_helper - INFO - Fetching expenses for date: 2024-08-07
2025-04-03 19:55:24,786 - db_helper - INFO - Fetching expenses for date: 2024-08-01
2025-04-03 19:55:26,857 - db_helper - INFO - Fetching expenses for date: 2024-08-01
2025-04-03 19:55:36,123 - db_helper - INFO - Fetching expenses for date: 2024-08-07
2025-04-03 19:55:39,025 - db_helper - INFO - Fetching expenses for date: 2024-08-08
2025-04-03 19:55:51,807 - db_helper - INFO - Fetching expenses for date: 2024-08-09
2025-04-03 19:55:53,929 - db_helper - INFO - Fetching expenses for date: 2024-08-10
2025-04-03 19:55:55,904 - db_helper - INFO - Fetching expenses for date: 2024-08-11
2025-04-03 19:55:57,928 - db_helper - INFO - Fetching expenses for date: 2024-08-12
2025-04-03 19:55:59,772 - db_helper - INFO - Fetching expenses for date: 2024-08-14
2025-04-03 19:56:01,631 - db_helper - INFO - Fetching expenses for date: 2024-08-08
2025-04-03 19:56:03,820 - db_helper - INFO - Fetching expenses for date: 2024-08-16
2025-04-03 19:56:05,532 - db_helper - INFO - Fetching expenses for date: 2024-08-15
2025-04-03 19:56:08,912 - db_helper - INFO - Fetching expenses for date: 2024-08-28
2025-04-03 19:56:20,302 - db_helper - INFO - Fetching expenses for date: 2024-08-28
2025-04-03 19:57:23,368 - db_helper - INFO - Fetching expenses for date: 2024-08-01
2025-04-03 19:57:26,673 - db_helper - INFO - Fetching expenses for date: 2024-08-15
2025-04-03 19:57:32,818 - db_helper - INFO - Fetching expenses for date: 2024-08-28
2025-04-03 19:57:43,765 - db_helper - INFO - Fetching expenses for date: 2024-08-28
2025-04-03 20:05:58,107 - db_helper - INFO - Fetching expenses for date: 2024-08-28
2025-04-03 20:06:05,841 - db_helper - INFO - Fetching expenses for date: 2024-08-08
2025-04-03 20:08:04,484 - db_helper - INFO - Fetching expenses for date: 2024-08-08
2025-04-03 20:08:24,811 - db_helper - INFO - Fetching expenses for date: 2024-08-08
2025-04-03 20:08:38,429 - db_helper - INFO - Fetching expenses for date: 2024-08-08
2025-04-03 20:09:07,628 - db_helper - INFO - Fetching expenses for date: 2024-08-08
2025-04-03 20:09:09,667 - db_helper - INFO - Fetching expenses for date: 2024-08-07
2025-04-03 20:09:49,548 - db_helper - INFO - Fetching expenses for date: 2024-08-08
2025-04-03 20:11:04,081 - db_helper - INFO - Fetching expenses for date: 2024-08-08
2025-04-03 20:11:06,138 - db_helper - INFO - Fetching expenses for date: 2024-08-07
2025-04-03 20:11:26,743 - db_helper - INFO - Fetching expenses for date: 2024-08-08
2025-04-03 20:11:28,806 - db_helper - INFO - Fetching expenses for date: 2024-08-07
2025-04-03 20:12:08,503 - db_helper - INFO - Fetching expenses for date: 2024-08-08
2025-04-03 20:12:10,566 - db_helper - INFO - Fetching expenses for date: 2024-08-07
2025-04-03 20:13:16,700 - db_helper - INFO - Fetching expenses for date: 2024-08-08
2025-04-03 20:13:18,749 - db_helper - INFO - Fetching expenses for date: 2024-08-07
2025-04-03 20:15:03,720 - db_helper - INFO - Fetching expenses for date: 2024-08-01
2025-04-03 20:15:09,954 - db_helper - INFO - Fetching expenses for date: 2024-08-07
2025-04-03 20:15:12,046 - db_helper - INFO - Fetching expenses for date: 2024-08-08
2025-04-03 20:16:14,091 - db_helper - INFO - Fetching expenses for date: 2024-08-08
2025-04-03 20:16:16,307 - db_helper - INFO - Fetching expenses for date: 2024-08-01
2025-04-03 20:16:20,133 - db_helper - INFO - Fetching expenses for date: 2024-08-08
2025-04-03 20:16:52,650 - db_helper - INFO - Fetching expenses for date: 2024-08-01
2025-04-03 20:16:55,438 - db_helper - INFO - Fetching expenses for date: 2024-08-07
2025-04-03 20:16:59,708 - db_helper - INFO - Fetching expenses for date: 2024-08-08
2025-04-03 20:17:13,893 - db_helper - INFO - Fetching expenses for date: 2024-08-01
2025-04-03 20:17:16,453 - db_helper - INFO - Fetching expenses for date: 2024-08-08
2025-04-03 20:17:33,943 - db_helper - INFO - Fetching expenses for date: 2024-08-08
2025-04-03 20:17:33,997 - db_helper - INFO - Deleting expenses for date: 2024-08-08
2025-04-03 20:17:34,019 - db_helper - INFO - Inserting expense: 2024-08-08, 19.0, Transport, 99999999
2025-04-03 20:17:38,458 - db_helper - INFO - Fetching expenses for date: 2024-08-07
2025-04-03 20:17:40,039 - db_helper - INFO - Fetching expenses for date: 2024-08-08
2025-04-03 20:17:44,818 - db_helper - INFO - Fetching expenses for date: 2024-08-28
2025-04-03 20:17:50,181 - db_helper - INFO - Fetching expenses for date: 2024-08-15
2025-04-03 20:17:59,380 - db_helper - INFO - Fetching expenses for date: 2024-08-09
2025-04-03 20:18:02,329 - db_helper - INFO - Fetching expenses for date: 2024-08-08
2025-04-03 20:37:26,904 - db_helper - INFO - Fetching expenses for date: 2024-08-01
2025-04-03 21:40:58,566 - db_helper - INFO - 

2025-04-03 21:44:13,408 - db_helper - INFO - 

2025-04-03 21:44:18,931 - db_helper - INFO - Fetching expenses for date: 2024-08-28
2025-04-03 21:44:20,318 - db_helper - INFO - Fetching expenses for date: 2024-08-28
2025-04-03 21:44:23,286 - db_helper - INFO - Fetching expenses for date: 2024-08-28
2025-04-03 21:44:28,552 - db_helper - INFO - Fetching expenses for date: 2024-08-01
2025-04-03 21:44:32,248 - db_helper - INFO - Fetching expenses for date: 2024-08-04
2025-04-03 21:44:34,253 - db_helper - INFO - Fetching expenses for date: 2024-08-05
2025-04-03 21:44:36,490 - db_helper - INFO - Fetching expenses for date: 2024-08-03
2025-04-03 21:44:49,674 - db_helper - INFO - Fetching expense summary from 2024-08-01 to 2024-08-05
2025-04-03 21:45:08,831 - db_helper - INFO - 

2025-04-03 22:28:40,976 - db_helper - INFO - Fetching expenses for date: 2024-08-03
2025-04-03 22:28:44,163 - db_helper - INFO - Fetching expenses for date: 2024-08-01
2025-04-03 22:28:48,337 - db_helper - INFO - Fetching expenses for date: 2024-08-07
2025-04-03 22:28:51,580 - db_helper - INFO - Fetching expenses for date: 2024-08-08
2025-04-03 22:28:54,756 - db_helper - INFO - Fetching expenses for date: 2024-08-09
2025-04-03 22:29:01,921 - db_helper - INFO - Fetching expense summary from 2024-08-01 to 2024-08-05
2025-04-03 22:32:41,351 - db_helper - INFO - Fetching expenses for date: 2024-08-01
2025-04-03 22:32:50,380 - db_helper - INFO - Fetching expenses for date: 2024-08-01
2025-04-03 22:32:53,790 - db_helper - INFO - Fetching expenses for date: 2024-08-01
2025-04-03 22:34:06,408 - db_helper - INFO - Fetching expenses for date: 2024-08-01
2025-04-03 22:34:14,044 - db_helper - INFO - Fetching expenses for date: 2024-08-01
2025-04-03 22:37:56,202 - db_helper - INFO - Fetching expenses for date: 2024-08-01
2025-04-03 22:37:59,136 - db_helper - INFO - Fetching expenses for date: 2024-08-01
2025-04-03 22:38:02,016 - db_helper - INFO - Fetching expenses for date: 2024-08-01
2025-04-03 22:38:02,081 - db_helper - INFO - Fetching expense summary from 2024-08-01 to 2024-08-05
2025-04-03 22:39:40,043 - db_helper - INFO - Fetching expenses for date: 2024-08-01
2025-04-03 22:39:40,097 - db_helper - INFO - Fetching expense summary from 2024-08-01 to 2024-08-05
2025-04-03 22:39:43,845 - db_helper - INFO - Fetching expenses for date: 2024-08-01
2025-04-03 22:39:43,909 - db_helper - INFO - Fetching expense summary from 2024-08-01 to 2024-08-05
2025-04-03 22:40:08,086 - db_helper - INFO - Fetching expenses for date: 2024-08-01
2025-04-03 22:40:08,148 - db_helper - INFO - Fetching expense summary from 2024-08-01 to 2024-08-05
2025-04-03 22:41:02,680 - db_helper - INFO - Fetching expenses for date: 2024-08-01
2025-04-03 22:41:02,732 - db_helper - INFO - Fetching expense summary from 2024-08-01 to 2024-08-05
2025-04-03 22:41:02,903 - db_helper - INFO - Fetching expenses for date: 2024-08-01
2025-04-03 22:41:02,953 - db_helper - INFO - Fetching expense summary from 2024-08-01 to 2024-08-05
2025-04-03 22:41:08,768 - db_helper - INFO - Fetching expenses for date: 2024-08-01
2025-04-03 22:41:08,824 - db_helper - INFO - Fetching expense summary from 2024-08-01 to 2024-08-05
2025-04-03 22:41:18,856 - db_helper - INFO - Fetching expenses for date: 2024-08-01
2025-04-03 22:41:18,910 - db_helper - INFO - Fetching expense summary from 2024-08-01 to 2024-08-05
2025-04-03 22:41:21,553 - db_helper - INFO - Fetching expenses for date: 2024-08-01
2025-04-03 22:41:21,620 - db_helper - INFO - Fetching expense summary from 2024-08-01 to 2024-08-05
2025-04-03 22:42:03,128 - db_helper - INFO - Fetching expenses for date: 2024-08-01
2025-04-03 22:42:03,180 - db_helper - INFO - Fetching expense summary from 2024-08-01 to 2024-08-05
2025-04-03 22:42:08,086 - db_helper - INFO - Fetching expenses for date: 2024-08-01
2025-04-03 22:42:08,151 - db_helper - INFO - Fetching expense summary from 2024-08-01 to 2024-08-05
2025-04-03 22:43:20,468 - db_helper - INFO - Fetching expenses for date: 2024-08-01
2025-04-03 22:43:20,536 - db_helper - INFO - Fetching expense summary from 2024-08-01 to 2024-08-05
2025-04-03 22:43:54,927 - db_helper - INFO - Fetching expenses for date: 2024-08-01
2025-04-03 22:44:00,209 - db_helper - INFO - Fetching expenses for date: 2024-08-01
2025-04-03 22:44:00,266 - db_helper - INFO - Fetching expense summary from 2024-08-01 to 2024-08-05
2025-04-03 22:45:12,531 - db_helper - INFO - Fetching expenses for date: 2024-08-01
2025-04-03 22:45:15,606 - db_helper - INFO - Fetching expenses for date: 2024-08-01
2025-04-03 22:45:17,456 - db_helper - INFO - Fetching expenses for date: 2024-08-01
2025-04-03 22:45:17,510 - db_helper - INFO - Fetching expense summary from 2024-08-01 to 2024-08-28
2025-04-03 22:45:36,182 - db_helper - INFO - Fetching expenses for date: 2024-08-01
2025-04-03 22:45:37,347 - db_helper - INFO - Fetching expenses for date: 2024-08-01
2025-04-03 22:45:37,409 - db_helper - INFO - Fetching expense summary from 2024-08-01 to 2024-08-15
2025-04-03 22:45:53,752 - db_helper - INFO - Fetching expenses for date: 2024-08-01
2025-04-03 22:45:55,357 - db_helper - INFO - Fetching expenses for date: 2024-08-01
2025-04-03 22:45:55,412 - db_helper - INFO - Fetching expense summary from 2024-08-01 to 2024-08-30
2025-04-03 22:46:07,722 - db_helper - INFO - Fetching expenses for date: 2024-08-01
2025-04-03 22:46:09,652 - db_helper - INFO - Fetching expenses for date: 2024-08-01
2025-04-03 22:46:09,710 - db_helper - INFO - Fetching expense summary from 2024-08-01 to 2024-08-02
2025-04-03 23:12:53,884 - db_helper - INFO - Fetching expenses for date: 2024-09-01
2025-04-04 18:24:09,433 - db_helper - INFO - 

2025-04-04 18:25:01,247 - db_helper - INFO - Fetching expenses for date: 2024-08-01
2025-04-04 18:25:07,146 - db_helper - INFO - Fetching expenses for date: 2024-08-15
2025-04-04 18:25:11,634 - db_helper - INFO - Fetching expenses for date: 2024-08-15
2025-04-04 18:25:11,694 - db_helper - INFO - Fetching expense summary from 2024-08-01 to 2024-08-05
2025-04-04 18:26:41,060 - db_helper - INFO - Fetching expenses for date: 2024-08-01
2025-04-04 18:26:47,570 - db_helper - INFO - Fetching expenses for date: 2024-08-07
2025-04-04 18:26:49,853 - db_helper - INFO - Fetching expenses for date: 2024-08-01
2025-04-04 18:30:37,654 - db_helper - INFO - Fetching expenses for date: 2024-08-01
2025-04-04 18:30:37,694 - db_helper - INFO - Fetching expense summary from 2024-08-01 to 2024-08-05
2025-04-04 18:30:42,399 - db_helper - INFO - Fetching expenses for date: 2024-08-01
2025-04-04 18:30:42,437 - db_helper - INFO - Fetching expense summary from 2024-08-01 to 2024-08-05
2025-04-04 18:31:39,462 - db_helper - INFO - Fetching expenses for date: 2024-08-01
2025-04-04 18:31:44,115 - db_helper - INFO - Fetching expenses for date: 2024-08-01
2025-04-04 18:31:44,156 - db_helper - INFO - Fetching expense summary from 2024-08-01 to 2024-08-05
2025-04-04 18:33:41,268 - db_helper - INFO - 

2025-04-04 18:57:15,005 - db_helper - INFO - Fetching expenses for date: 2024-08-01
2025-04-04 18:57:16,436 - db_helper - INFO - 

2025-04-04 18:57:17,786 - db_helper - INFO - 

2025-04-04 18:57:42,355 - db_helper - INFO - Fetching expenses for date: 2024-08-01
2025-04-04 18:58:10,074 - db_helper - INFO - Fetching expenses for date: 2024-08-01
2025-04-04 18:58:12,804 - db_helper - INFO - Fetching expenses for date: 2024-08-01
2025-04-04 18:58:25,004 - db_helper - INFO - Fetching expenses for date: 2024-08-01
2025-04-04 18:58:25,054 - db_helper - INFO - Fetching expense summary from 2024-08-01 to 2024-08-05
2025-04-04 18:58:37,495 - db_helper - INFO - Fetching expenses for date: 2024-08-08
2025-04-04 18:58:48,106 - db_helper - INFO - Fetching expenses for date: 2024-08-08
2025-04-04 18:58:48,142 - db_helper - INFO - Deleting expenses for date: 2024-08-08
2025-04-04 18:58:48,179 - db_helper - INFO - Inserting expense: 2024-08-08, 19.0, Transport, 9
2025-04-04 18:58:54,843 - db_helper - INFO - Fetching expenses for date: 2024-08-01
2025-04-04 19:23:13,798 - db_helper - INFO - Fetching expenses for date: 2024-08-01
2025-04-04 19:23:21,014 - db_helper - INFO - Fetching expenses for date: 2024-08-01
2025-04-04 19:23:21,061 - db_helper - INFO - Fetching expense summary from 2024-08-01 to 2024-08-05
2025-04-04 19:25:53,276 - db_helper - INFO - Fetching expenses for date: 2024-08-01
2025-04-04 19:26:08,328 - db_helper - INFO - Fetching expenses for date: 2024-08-01
2025-04-04 19:26:08,369 - db_helper - INFO - Fetching expense summary from 2024-08-01 to 2024-08-05
2025-04-04 19:27:07,534 - db_helper - INFO - Fetching expenses for date: 2024-08-01
2025-04-04 19:27:14,580 - db_helper - INFO - Fetching expenses for date: 2024-08-01
2025-04-04 19:27:26,238 - db_helper - INFO - Fetching expenses for date: 2024-08-01
2025-04-04 19:27:46,264 - db_helper - INFO - Fetching expenses for date: 2024-08-01
2025-04-04 19:27:46,303 - db_helper - INFO - Deleting expenses for date: 2024-08-01
2025-04-04 19:27:46,319 - db_helper - INFO - Inserting expense: 2024-08-01, 1227.0, Rent, Monthly rent payment
2025-04-04 19:27:46,337 - db_helper - INFO - Inserting expense: 2024-08-01, 300.0, Food, Groceries for the week
2025-04-04 19:27:46,357 - db_helper - INFO - Inserting expense: 2024-08-01, 1200.0, Rent, Monthly rent payment
2025-04-04 19:27:46,368 - db_helper - INFO - Inserting expense: 2024-08-01, 300.0, Food, Groceries for the week
2025-04-04 19:27:50,544 - db_helper - INFO - Fetching expenses for date: 2024-08-01
2025-04-04 19:27:50,598 - db_helper - INFO - Fetching expense summary from 2024-08-02 to 2024-08-05
2025-04-04 19:28:28,694 - db_helper - INFO - Fetching expenses for date: 2024-08-01
2025-04-04 19:28:33,372 - db_helper - INFO - Fetching expenses for date: 2024-08-01
2025-04-04 19:28:33,407 - db_helper - INFO - Fetching expense summary from 2024-08-02 to 2024-08-05
2025-04-04 19:28:39,791 - db_helper - INFO - Fetching expenses for date: 2024-08-01
2025-04-04 19:28:39,828 - db_helper - INFO - Fetching expense summary from 2024-08-01 to 2024-09-30
2025-04-04 19:52:35,101 - db_helper - INFO - 

2025-04-04 19:52:39,314 - db_helper - INFO - Fetching expenses for date: 2024-08-01
2025-04-04 19:52:42,783 - db_helper - INFO - Fetching expenses for date: 2024-08-01
2025-04-04 19:53:37,429 - db_helper - INFO - 

2025-04-04 19:53:41,449 - db_helper - INFO - Fetching expenses for date: 2024-08-01
2025-04-04 19:53:41,501 - db_helper - INFO - Fetching expense summary from 2024-08-01 to 2024-09-30
2025-04-04 19:53:44,352 - db_helper - INFO - Fetching expenses for date: 2024-08-01
2025-04-04 19:53:47,901 - db_helper - INFO - Fetching expenses for date: 2024-08-01
2025-04-04 19:53:47,949 - db_helper - INFO - Fetching expense summary from 2024-08-02 to 2024-08-05
2025-04-04 19:53:52,304 - db_helper - INFO - Fetching expenses for date: 2024-08-01
2025-04-04 19:53:52,361 - db_helper - INFO - Fetching expense summary from 2024-08-01 to 2024-09-30
2025-04-04 19:54:22,125 - db_helper - INFO - 

2025-04-04 19:54:26,653 - db_helper - INFO - Fetching expenses for date: 2024-08-01
2025-04-04 19:54:26,708 - db_helper - INFO - Fetching expense summary from 2024-08-01 to 2024-09-30
2025-04-04 19:54:34,640 - db_helper - INFO - Fetching expenses for date: 2024-08-01
2025-04-04 19:54:37,624 - db_helper - INFO - Fetching expenses for date: 2024-08-01
2025-04-04 19:54:37,666 - db_helper - INFO - Fetching expense summary from 2024-08-01 to 2024-09-30
2025-04-04 19:55:26,248 - db_helper - INFO - 

2025-04-04 19:57:44,062 - db_helper - INFO - Fetching expense summary from 2024-08-01 to 2024-09-30
2025-04-04 19:57:58,554 - db_helper - INFO - Fetching expense summary from 2024-08-01 to 2024-09-30
2025-04-04 19:58:05,642 - db_helper - INFO - Fetching expense summary from 2024-08-01 to 2024-09-30
2025-04-04 19:58:24,125 - db_helper - INFO - 

2025-04-04 19:58:27,581 - db_helper - INFO - Fetching expense summary from 2024-08-01 to 2024-09-30
2025-04-04 19:59:22,880 - db_helper - INFO - Fetching expense summary from 2024-08-01 to 2024-09-30
2025-04-04 20:01:35,058 - db_helper - INFO - 

2025-04-04 20:13:58,269 - db_helper - INFO - 

2025-04-04 20:13:59,434 - db_helper - INFO - 

2025-04-04 20:14:09,595 - db_helper - INFO - Fetching expenses for date: 2024-08-01
2025-04-04 20:14:11,702 - db_helper - INFO - fetch_expense_summary_by_months
2025-04-04 20:14:14,934 - db_helper - INFO - Fetching expenses for date: 2024-08-01
2025-04-04 20:14:14,970 - db_helper - INFO - Fetching expense summary from 2024-08-02 to 2024-08-05
2025-04-04 20:14:17,062 - db_helper - INFO - fetch_expense_summary_by_months
2025-04-04 20:14:56,604 - db_helper - INFO - Fetching expenses for date: 2024-08-01
2025-04-04 20:14:58,692 - db_helper - INFO - fetch_expense_summary_by_months
2025-04-04 20:15:01,580 - db_helper - INFO - Fetching expenses for date: 2024-08-01
2025-04-04 20:15:01,617 - db_helper - INFO - Deleting expenses for date: 2024-08-01
2025-04-04 20:15:01,635 - db_helper - INFO - Inserting expense: 2024-08-01, 1227.0, Rent, Monthly rent payment
2025-04-04 20:15:01,651 - db_helper - INFO - Inserting expense: 2024-08-01, 300.0, Food, Groceries for the week
2025-04-04 20:15:01,664 - db_helper - INFO - Inserting expense: 2024-08-01, 1200.0, Rent, Monthly rent payment
2025-04-04 20:15:01,677 - db_helper - INFO - Inserting expense: 2024-08-01, 300.0, Food, Groceries for the week
2025-04-04 20:15:03,734 - db_helper - INFO - fetch_expense_summary_by_months
2025-04-04 20:15:07,729 - db_helper - INFO - Fetching expenses for date: 2024-08-01
2025-04-04 20:15:07,777 - db_helper - INFO - Fetching expense summary from 2024-08-02 to 2024-08-05
2025-04-04 20:15:09,864 - db_helper - INFO - fetch_expense_summary_by_months
